{"C:\\Users\\lolex\\Downloads\\EP2_GitHub_Listo\\index.js": {"path":"C:\\Users\\lolex\\Downloads\\EP2_GitHub_Listo\\index.js","statementMap":{"0":{"start":{"line":2,"column":16},"end":{"line":2,"column":34}},"1":{"start":{"line":3,"column":12},"end":{"line":3,"column":21}},"2":{"start":{"line":5,"column":16},"end":{"line":9,"column":1}},"3":{"start":{"line":11,"column":0},"end":{"line":11,"column":49}},"4":{"start":{"line":11,"column":30},"end":{"line":11,"column":47}},"5":{"start":{"line":13,"column":0},"end":{"line":19,"column":3}},"6":{"start":{"line":14,"column":1},"end":{"line":16,"column":2}},"7":{"start":{"line":15,"column":3},"end":{"line":15,"column":57}},"8":{"start":{"line":17,"column":18},"end":{"line":17,"column":66}},"9":{"start":{"line":17,"column":40},"end":{"line":17,"column":48}},"10":{"start":{"line":18,"column":1},"end":{"line":18,"column":48}},"11":{"start":{"line":21,"column":0},"end":{"line":23,"column":1}},"12":{"start":{"line":22,"column":1},"end":{"line":22,"column":55}},"13":{"start":{"line":22,"column":21},"end":{"line":22,"column":53}},"14":{"start":{"line":25,"column":0},"end":{"line":25,"column":21}}},"fnMap":{"0":{"name":"(anonymous_0)","decl":{"start":{"line":11,"column":19},"end":{"line":11,"column":20}},"loc":{"start":{"line":11,"column":30},"end":{"line":11,"column":47}},"line":11},"1":{"name":"(anonymous_1)","decl":{"start":{"line":13,"column":20},"end":{"line":13,"column":21}},"loc":{"start":{"line":13,"column":31},"end":{"line":19,"column":1}},"line":13},"2":{"name":"(anonymous_2)","decl":{"start":{"line":17,"column":33},"end":{"line":17,"column":34}},"loc":{"start":{"line":17,"column":40},"end":{"line":17,"column":48}},"line":17},"3":{"name":"(anonymous_3)","decl":{"start":{"line":22,"column":17},"end":{"line":22,"column":18}},"loc":{"start":{"line":22,"column":21},"end":{"line":22,"column":53}},"line":22}},"branchMap":{"0":{"loc":{"start":{"line":14,"column":1},"end":{"line":16,"column":2}},"type":"if","locations":[{"start":{"line":14,"column":1},"end":{"line":16,"column":2}},{"start":{},"end":{}}],"line":14},"1":{"loc":{"start":{"line":21,"column":0},"end":{"line":23,"column":1}},"type":"if","locations":[{"start":{"line":21,"column":0},"end":{"line":23,"column":1}},{"start":{},"end":{}}],"line":21}},"s":{"0":1,"1":1,"2":1,"3":1,"4":1,"5":1,"6":1,"7":0,"8":1,"9":3,"10":1,"11":1,"12":0,"13":0,"14":1},"f":{"0":1,"1":1,"2":3,"3":0},"b":{"0":[0,1],"1":[0,1]},"_coverageSchema":"1a1c01bbd47fc00a2c39e90264f33305004495a9","hash":"63c719ebd881ed8bfb354a58222cfb5b1e0a0400"}
}
